EDA Netlist Writer report for HW6
Sat Jun 29 06:49:18 2024
Quartus II 64-Bit Version 13.1.0 Build 162 10/23/2013 SJ Web Edition


---------------------
; Table of Contents ;
---------------------
  1. Legal Notice
  2. EDA Netlist Writer Summary
  3. Simulation Settings
  4. Simulation Generated Files
  5. EDA Netlist Writer Messages



----------------
; Legal Notice ;
----------------
Copyright (C) 1991-2013 Altera Corporation
Your use of Altera Corporation's design tools, logic functions 
and other software and tools, and its AMPP partner logic 
functions, and any output files from any of the foregoing 
(including device programming or simulation files), and any 
associated documentation or information are expressly subject 
to the terms and conditions of the Altera Program License 
Subscription Agreement, Altera MegaCore Function License 
Agreement, or other applicable license agreement, including, 
without limitation, that your use is for the sole purpose of 
programming logic devices manufactured by Altera and sold by 
Altera or its authorized distributors.  Please refer to the 
applicable agreement for further details.



+-------------------------------------------------------------------+
; EDA Netlist Writer Summary                                        ;
+---------------------------+---------------------------------------+
; EDA Netlist Writer Status ; Successful - Sat Jun 29 06:49:18 2024 ;
; Revision Name             ; HW6                                   ;
; Top-level Entity Name     ; CPU                                   ;
; Family                    ; Arria II GX                           ;
; Simulation Files Creation ; Successful                            ;
+---------------------------+---------------------------------------+


+-------------------------------------------------------------------------------------------------------------------------------+
; Simulation Settings                                                                                                           ;
+---------------------------------------------------------------------------------------------------+---------------------------+
; Option                                                                                            ; Setting                   ;
+---------------------------------------------------------------------------------------------------+---------------------------+
; Tool Name                                                                                         ; ModelSim-Altera (Verilog) ;
; Generate netlist for functional simulation only                                                   ; On                        ;
; Truncate long hierarchy paths                                                                     ; Off                       ;
; Map illegal HDL characters                                                                        ; Off                       ;
; Flatten buses into individual nodes                                                               ; Off                       ;
; Maintain hierarchy                                                                                ; Off                       ;
; Bring out device-wide set/reset signals as ports                                                  ; Off                       ;
; Enable glitch filtering                                                                           ; Off                       ;
; Do not write top level VHDL entity                                                                ; Off                       ;
; Disable detection of setup and hold time violations in the input registers of bi-directional pins ; Off                       ;
; Architecture name in VHDL output netlist                                                          ; structure                 ;
; Generate third-party EDA tool command script for RTL functional simulation                        ; Off                       ;
; Generate third-party EDA tool command script for gate-level simulation                            ; Off                       ;
+---------------------------------------------------------------------------------------------------+---------------------------+


+-----------------------------------------------------------------------------------------------------------+
; Simulation Generated Files                                                                                ;
+-----------------------------------------------------------------------------------------------------------+
; Generated Files                                                                                           ;
+-----------------------------------------------------------------------------------------------------------+
; D:/semester4/ComputerArchitecture/Project/NewProj/Processor/Processor2/Processor2/simulation/qsim//HW6.vo ;
+-----------------------------------------------------------------------------------------------------------+


+-----------------------------+
; EDA Netlist Writer Messages ;
+-----------------------------+
Info: *******************************************************************
Info: Running Quartus II 64-Bit EDA Netlist Writer
    Info: Version 13.1.0 Build 162 10/23/2013 SJ Web Edition
    Info: Copyright (C) 1991-2013 Altera Corporation. All rights reserved.
    Info: Your use of Altera Corporation's design tools, logic functions 
    Info: and other software and tools, and its AMPP partner logic 
    Info: functions, and any output files from any of the foregoing 
    Info: (including device programming or simulation files), and any 
    Info: associated documentation or information are expressly subject 
    Info: to the terms and conditions of the Altera Program License 
    Info: Subscription Agreement, Altera MegaCore Function License 
    Info: Agreement, or other applicable license agreement, including, 
    Info: without limitation, that your use is for the sole purpose of 
    Info: programming logic devices manufactured by Altera and sold by 
    Info: Altera or its authorized distributors.  Please refer to the 
    Info: applicable agreement for further details.
    Info: Processing started: Sat Jun 29 06:49:16 2024
Info: Command: quartus_eda --functional=on --flatten_buses=off --simulation=on --tool=modelsim_oem --format=verilog --output_directory=D:/semester4/ComputerArchitecture/Project/NewProj/Processor/Processor2/Processor2/simulation/qsim/ HW6 -c HW6
Info (119004): Automatically selected device EP2AGX45CU17I3 for design HW6
Info (119042): Found following RAM instances in design that are actually implemented as ROM because the write logic is always disabled
    Info (119043): Atom "Datapath:inst|Instruction_Memory:inst|lpm_ram_io:inst|altram:sram|altsyncram:ram_block|altsyncram_33g1:auto_generated|ram_block1a11" is instantiated as RAM, but it is actually implemented as ROM function because the write logic is always disabled
    Info (119043): Atom "Datapath:inst|Instruction_Memory:inst|lpm_ram_io:inst|altram:sram|altsyncram:ram_block|altsyncram_33g1:auto_generated|ram_block1a9" is instantiated as RAM, but it is actually implemented as ROM function because the write logic is always disabled
    Info (119043): Atom "Datapath:inst|Instruction_Memory:inst|lpm_ram_io:inst|altram:sram|altsyncram:ram_block|altsyncram_33g1:auto_generated|ram_block1a10" is instantiated as RAM, but it is actually implemented as ROM function because the write logic is always disabled
    Info (119043): Atom "Datapath:inst|Instruction_Memory:inst|lpm_ram_io:inst|altram:sram|altsyncram:ram_block|altsyncram_33g1:auto_generated|ram_block1a8" is instantiated as RAM, but it is actually implemented as ROM function because the write logic is always disabled
    Info (119043): Atom "Datapath:inst|Instruction_Memory:inst|lpm_ram_io:inst|altram:sram|altsyncram:ram_block|altsyncram_33g1:auto_generated|ram_block1a6" is instantiated as RAM, but it is actually implemented as ROM function because the write logic is always disabled
    Info (119043): Atom "Datapath:inst|Instruction_Memory:inst|lpm_ram_io:inst|altram:sram|altsyncram:ram_block|altsyncram_33g1:auto_generated|ram_block1a7" is instantiated as RAM, but it is actually implemented as ROM function because the write logic is always disabled
    Info (119043): Atom "Datapath:inst|Instruction_Memory:inst|lpm_ram_io:inst|altram:sram|altsyncram:ram_block|altsyncram_33g1:auto_generated|ram_block1a0" is instantiated as RAM, but it is actually implemented as ROM function because the write logic is always disabled
    Info (119043): Atom "Datapath:inst|Instruction_Memory:inst|lpm_ram_io:inst|altram:sram|altsyncram:ram_block|altsyncram_33g1:auto_generated|ram_block1a1" is instantiated as RAM, but it is actually implemented as ROM function because the write logic is always disabled
    Info (119043): Atom "Datapath:inst|Instruction_Memory:inst|lpm_ram_io:inst|altram:sram|altsyncram:ram_block|altsyncram_33g1:auto_generated|ram_block1a2" is instantiated as RAM, but it is actually implemented as ROM function because the write logic is always disabled
    Info (119043): Atom "Datapath:inst|Instruction_Memory:inst|lpm_ram_io:inst|altram:sram|altsyncram:ram_block|altsyncram_33g1:auto_generated|ram_block1a15" is instantiated as RAM, but it is actually implemented as ROM function because the write logic is always disabled
    Info (119043): Atom "Datapath:inst|Instruction_Memory:inst|lpm_ram_io:inst|altram:sram|altsyncram:ram_block|altsyncram_33g1:auto_generated|ram_block1a14" is instantiated as RAM, but it is actually implemented as ROM function because the write logic is always disabled
    Info (119043): Atom "Datapath:inst|Instruction_Memory:inst|lpm_ram_io:inst|altram:sram|altsyncram:ram_block|altsyncram_33g1:auto_generated|ram_block1a13" is instantiated as RAM, but it is actually implemented as ROM function because the write logic is always disabled
    Info (119043): Atom "Datapath:inst|Instruction_Memory:inst|lpm_ram_io:inst|altram:sram|altsyncram:ram_block|altsyncram_33g1:auto_generated|ram_block1a12" is instantiated as RAM, but it is actually implemented as ROM function because the write logic is always disabled
    Info (119043): Atom "Datapath:inst|Instruction_Memory:inst|lpm_ram_io:inst|altram:sram|altsyncram:ram_block|altsyncram_33g1:auto_generated|ram_block1a5" is instantiated as RAM, but it is actually implemented as ROM function because the write logic is always disabled
    Info (119043): Atom "Datapath:inst|Instruction_Memory:inst|lpm_ram_io:inst|altram:sram|altsyncram:ram_block|altsyncram_33g1:auto_generated|ram_block1a4" is instantiated as RAM, but it is actually implemented as ROM function because the write logic is always disabled
    Info (119043): Atom "Datapath:inst|Instruction_Memory:inst|lpm_ram_io:inst|altram:sram|altsyncram:ram_block|altsyncram_33g1:auto_generated|ram_block1a3" is instantiated as RAM, but it is actually implemented as ROM function because the write logic is always disabled
Info (204019): Generated file HW6.vo in folder "D:/semester4/ComputerArchitecture/Project/NewProj/Processor/Processor2/Processor2/simulation/qsim//" for EDA simulation tool
Info: Quartus II 64-Bit EDA Netlist Writer was successful. 0 errors, 0 warnings
    Info: Peak virtual memory: 4653 megabytes
    Info: Processing ended: Sat Jun 29 06:49:18 2024
    Info: Elapsed time: 00:00:02
    Info: Total CPU time (on all processors): 00:00:00


