Flow report for HW6
Sat Jun 29 06:49:18 2024
Quartus II 64-Bit Version 13.1.0 Build 162 10/23/2013 SJ Web Edition


---------------------
; Table of Contents ;
---------------------
  1. Legal Notice
  2. Flow Summary
  3. Flow Settings
  4. Flow Non-Default Global Settings
  5. Flow Elapsed Time
  6. Flow OS Summary
  7. Flow Log
  8. Flow Messages
  9. Flow Suppressed Messages



----------------
; Legal Notice ;
----------------
Copyright (C) 1991-2013 Altera Corporation
Your use of Altera Corporation's design tools, logic functions 
and other software and tools, and its AMPP partner logic 
functions, and any output files from any of the foregoing 
(including device programming or simulation files), and any 
associated documentation or information are expressly subject 
to the terms and conditions of the Altera Program License 
Subscription Agreement, Altera MegaCore Function License 
Agreement, or other applicable license agreement, including, 
without limitation, that your use is for the sole purpose of 
programming logic devices manufactured by Altera and sold by 
Altera or its authorized distributors.  Please refer to the 
applicable agreement for further details.



+--------------------------------------------------------------------------------+
; Flow Summary                                                                   ;
+-----------------------------------+--------------------------------------------+
; Flow Status                       ; Successful - Sat Jun 29 06:49:18 2024      ;
; Quartus II 64-Bit Version         ; 13.1.0 Build 162 10/23/2013 SJ Web Edition ;
; Revision Name                     ; HW6                                        ;
; Top-level Entity Name             ; CPU                                        ;
; Family                            ; Arria II GX                                ;
; Logic utilization                 ; N/A                                        ;
;     Combinational ALUTs           ; 507                                        ;
;     Memory ALUTs                  ; 0                                          ;
;     Dedicated logic registers     ; 180                                        ;
; Total registers                   ; 180                                        ;
; Total pins                        ; 114                                        ;
; Total virtual pins                ; 0                                          ;
; Total block memory bits           ; 6,144                                      ;
; DSP block 18-bit elements         ; 0                                          ;
; Total GXB Receiver Channel PCS    ; 0                                          ;
; Total GXB Receiver Channel PMA    ; 0                                          ;
; Total GXB Transmitter Channel PCS ; 0                                          ;
; Total GXB Transmitter Channel PMA ; 0                                          ;
; Total PLLs                        ; 0                                          ;
; Total DLLs                        ; 0                                          ;
+-----------------------------------+--------------------------------------------+


+-----------------------------------------+
; Flow Settings                           ;
+-------------------+---------------------+
; Option            ; Setting             ;
+-------------------+---------------------+
; Start date & time ; 06/29/2024 06:35:59 ;
; Main task         ; Compilation         ;
; Revision Name     ; HW6                 ;
+-------------------+---------------------+


+-----------------------------------------------------------------------------------------------------------------------------------------------------------------------------------------+
; Flow Non-Default Global Settings                                                                                                                                                        ;
+-------------------------------------+----------------------------------------------------------------------------------------------------+---------------+-------------+----------------+
; Assignment Name                     ; Value                                                                                              ; Default Value ; Entity Name ; Section Id     ;
+-------------------------------------+----------------------------------------------------------------------------------------------------+---------------+-------------+----------------+
; COMPILER_SIGNATURE_ID               ; 251413961974406.171963035913332                                                                    ; --            ; --          ; --             ;
; EDA_GENERATE_FUNCTIONAL_NETLIST     ; On                                                                                                 ; --            ; --          ; eda_simulation ;
; EDA_NETLIST_WRITER_OUTPUT_DIR       ; D:/semester4/ComputerArchitecture/Project/NewProj/Processor/Processor2/Processor2/simulation/qsim/ ; --            ; --          ; eda_simulation ;
; EDA_OUTPUT_DATA_FORMAT              ; Verilog Hdl                                                                                        ; --            ; --          ; eda_simulation ;
; EDA_SIMULATION_TOOL                 ; ModelSim-Altera (Verilog)                                                                          ; <None>        ; --          ; --             ;
; IP_TOOL_NAME                        ; LPM_CONSTANT                                                                                       ; --            ; --          ; --             ;
; IP_TOOL_NAME                        ; LPM_CONSTANT                                                                                       ; --            ; --          ; --             ;
; IP_TOOL_NAME                        ; LPM_CONSTANT                                                                                       ; --            ; --          ; --             ;
; IP_TOOL_NAME                        ; LPM_CONSTANT                                                                                       ; --            ; --          ; --             ;
; IP_TOOL_NAME                        ; LPM_CONSTANT                                                                                       ; --            ; --          ; --             ;
; IP_TOOL_NAME                        ; LPM_CONSTANT                                                                                       ; --            ; --          ; --             ;
; IP_TOOL_NAME                        ; LPM_CONSTANT                                                                                       ; --            ; --          ; --             ;
; IP_TOOL_NAME                        ; LPM_CONSTANT                                                                                       ; --            ; --          ; --             ;
; IP_TOOL_NAME                        ; LPM_CONSTANT                                                                                       ; --            ; --          ; --             ;
; IP_TOOL_NAME                        ; LPM_CONSTANT                                                                                       ; --            ; --          ; --             ;
; IP_TOOL_NAME                        ; LPM_CONSTANT                                                                                       ; --            ; --          ; --             ;
; IP_TOOL_NAME                        ; LPM_CONSTANT                                                                                       ; --            ; --          ; --             ;
; IP_TOOL_NAME                        ; LPM_CONSTANT                                                                                       ; --            ; --          ; --             ;
; IP_TOOL_NAME                        ; LPM_CONSTANT                                                                                       ; --            ; --          ; --             ;
; IP_TOOL_NAME                        ; LPM_CONSTANT                                                                                       ; --            ; --          ; --             ;
; IP_TOOL_VERSION                     ; 13.1                                                                                               ; --            ; --          ; --             ;
; IP_TOOL_VERSION                     ; 13.1                                                                                               ; --            ; --          ; --             ;
; IP_TOOL_VERSION                     ; 13.1                                                                                               ; --            ; --          ; --             ;
; IP_TOOL_VERSION                     ; 13.1                                                                                               ; --            ; --          ; --             ;
; IP_TOOL_VERSION                     ; 13.1                                                                                               ; --            ; --          ; --             ;
; IP_TOOL_VERSION                     ; 13.1                                                                                               ; --            ; --          ; --             ;
; IP_TOOL_VERSION                     ; 13.1                                                                                               ; --            ; --          ; --             ;
; IP_TOOL_VERSION                     ; 13.1                                                                                               ; --            ; --          ; --             ;
; IP_TOOL_VERSION                     ; 13.1                                                                                               ; --            ; --          ; --             ;
; IP_TOOL_VERSION                     ; 13.1                                                                                               ; --            ; --          ; --             ;
; IP_TOOL_VERSION                     ; 13.1                                                                                               ; --            ; --          ; --             ;
; IP_TOOL_VERSION                     ; 13.1                                                                                               ; --            ; --          ; --             ;
; IP_TOOL_VERSION                     ; 13.1                                                                                               ; --            ; --          ; --             ;
; IP_TOOL_VERSION                     ; 13.1                                                                                               ; --            ; --          ; --             ;
; IP_TOOL_VERSION                     ; 13.1                                                                                               ; --            ; --          ; --             ;
; MISC_FILE                           ; lpm_constant9.bsf                                                                                  ; --            ; --          ; --             ;
; MISC_FILE                           ; lpm_constant9_bb.v                                                                                 ; --            ; --          ; --             ;
; MISC_FILE                           ; lpm_constant8.bsf                                                                                  ; --            ; --          ; --             ;
; MISC_FILE                           ; lpm_constant8_bb.v                                                                                 ; --            ; --          ; --             ;
; MISC_FILE                           ; lpm_constant7.bsf                                                                                  ; --            ; --          ; --             ;
; MISC_FILE                           ; lpm_constant7_bb.v                                                                                 ; --            ; --          ; --             ;
; MISC_FILE                           ; lpm_constant6.bsf                                                                                  ; --            ; --          ; --             ;
; MISC_FILE                           ; lpm_constant6_bb.v                                                                                 ; --            ; --          ; --             ;
; MISC_FILE                           ; lpm_constant5.bsf                                                                                  ; --            ; --          ; --             ;
; MISC_FILE                           ; lpm_constant5_bb.v                                                                                 ; --            ; --          ; --             ;
; MISC_FILE                           ; lpm_constant4.bsf                                                                                  ; --            ; --          ; --             ;
; MISC_FILE                           ; lpm_constant4_bb.v                                                                                 ; --            ; --          ; --             ;
; MISC_FILE                           ; lpm_constant3.bsf                                                                                  ; --            ; --          ; --             ;
; MISC_FILE                           ; lpm_constant3_bb.v                                                                                 ; --            ; --          ; --             ;
; MISC_FILE                           ; lpm_constant2.bsf                                                                                  ; --            ; --          ; --             ;
; MISC_FILE                           ; lpm_constant2.cmp                                                                                  ; --            ; --          ; --             ;
; MISC_FILE                           ; lpm_constant14.bsf                                                                                 ; --            ; --          ; --             ;
; MISC_FILE                           ; lpm_constant14_bb.v                                                                                ; --            ; --          ; --             ;
; MISC_FILE                           ; lpm_constant13.bsf                                                                                 ; --            ; --          ; --             ;
; MISC_FILE                           ; lpm_constant13_bb.v                                                                                ; --            ; --          ; --             ;
; MISC_FILE                           ; lpm_constant12.bsf                                                                                 ; --            ; --          ; --             ;
; MISC_FILE                           ; lpm_constant12_bb.v                                                                                ; --            ; --          ; --             ;
; MISC_FILE                           ; lpm_constant11.bsf                                                                                 ; --            ; --          ; --             ;
; MISC_FILE                           ; lpm_constant11_bb.v                                                                                ; --            ; --          ; --             ;
; MISC_FILE                           ; lpm_constant10.bsf                                                                                 ; --            ; --          ; --             ;
; MISC_FILE                           ; lpm_constant10_bb.v                                                                                ; --            ; --          ; --             ;
; MISC_FILE                           ; lpm_constant1.bsf                                                                                  ; --            ; --          ; --             ;
; MISC_FILE                           ; lpm_constant1.cmp                                                                                  ; --            ; --          ; --             ;
; MISC_FILE                           ; lpm_constant0.bsf                                                                                  ; --            ; --          ; --             ;
; MISC_FILE                           ; lpm_constant0.cmp                                                                                  ; --            ; --          ; --             ;
; PARTITION_COLOR                     ; 16764057                                                                                           ; --            ; CPU         ; Top            ;
; PARTITION_FITTER_PRESERVATION_LEVEL ; PLACEMENT_AND_ROUTING                                                                              ; --            ; CPU         ; Top            ;
; PARTITION_NETLIST_TYPE              ; SOURCE                                                                                             ; --            ; CPU         ; Top            ;
; PROJECT_OUTPUT_DIRECTORY            ; output_files                                                                                       ; --            ; --          ; --             ;
; TOP_LEVEL_ENTITY                    ; CPU                                                                                                ; HW6           ; --          ; --             ;
+-------------------------------------+----------------------------------------------------------------------------------------------------+---------------+-------------+----------------+


+--------------------------------------------------------------------------------------------------------------------------+
; Flow Elapsed Time                                                                                                        ;
+----------------------+--------------+-------------------------+---------------------+------------------------------------+
; Module Name          ; Elapsed Time ; Average Processors Used ; Peak Virtual Memory ; Total CPU Time (on all processors) ;
+----------------------+--------------+-------------------------+---------------------+------------------------------------+
; Analysis & Synthesis ; 00:00:43     ; 1.0                     ; 4844 MB             ; 00:00:08                           ;
; EDA Netlist Writer   ; 00:00:04     ; 1.0                     ; 4632 MB             ; 00:00:01                           ;
; EDA Netlist Writer   ; 00:00:01     ; 1.0                     ; 4652 MB             ; 00:00:01                           ;
; EDA Netlist Writer   ; 00:00:01     ; 1.0                     ; 4646 MB             ; 00:00:01                           ;
; EDA Netlist Writer   ; 00:00:02     ; 1.0                     ; 4653 MB             ; 00:00:00                           ;
; Total                ; 00:00:51     ; --                      ; --                  ; 00:00:11                           ;
+----------------------+--------------+-------------------------+---------------------+------------------------------------+


+-----------------------------------------------------------------------------------+
; Flow OS Summary                                                                   ;
+----------------------+------------------+-----------+------------+----------------+
; Module Name          ; Machine Hostname ; OS Name   ; OS Version ; Processor type ;
+----------------------+------------------+-----------+------------+----------------+
; Analysis & Synthesis ; Abolfazl         ; Windows 7 ; 6.2        ; x86_64         ;
; EDA Netlist Writer   ; Abolfazl         ; Windows 7 ; 6.2        ; x86_64         ;
; EDA Netlist Writer   ; Abolfazl         ; Windows 7 ; 6.2        ; x86_64         ;
; EDA Netlist Writer   ; Abolfazl         ; Windows 7 ; 6.2        ; x86_64         ;
; EDA Netlist Writer   ; Abolfazl         ; Windows 7 ; 6.2        ; x86_64         ;
+----------------------+------------------+-----------+------------+----------------+


------------
; Flow Log ;
------------
quartus_map --read_settings_files=on --write_settings_files=off HW6 -c HW6
quartus_eda --gen_testbench --check_outputs=on --tool=modelsim_oem --format=verilog HW6 -c HW6 --vector_source=D:/semester4/ComputerArchitecture/Project/NewProj/Processor/Processor2/Processor2/FPADD.vwf --testbench_file=D:/semester4/ComputerArchitecture/Project/NewProj/Processor/Processor2/Processor2/simulation/qsim/FPADD.vwf.vt
quartus_eda --functional=on --flatten_buses=off --simulation=on --tool=modelsim_oem --format=verilog --output_directory=D:/semester4/ComputerArchitecture/Project/NewProj/Processor/Processor2/Processor2/simulation/qsim/ HW6 -c HW6
quartus_eda --gen_testbench --check_outputs=on --tool=modelsim_oem --format=verilog HW6 -c HW6 --vector_source=D:/semester4/ComputerArchitecture/Project/NewProj/Processor/Processor2/Processor2/FPADD.vwf --testbench_file=D:/semester4/ComputerArchitecture/Project/NewProj/Processor/Processor2/Processor2/simulation/qsim/FPADD.vwf.vt
quartus_eda --functional=on --flatten_buses=off --simulation=on --tool=modelsim_oem --format=verilog --output_directory=D:/semester4/ComputerArchitecture/Project/NewProj/Processor/Processor2/Processor2/simulation/qsim/ HW6 -c HW6



